# JRE version: OpenJDK Runtime Environment Temurin-21.0.2+13 (21.0.2+13) (build 21.0.2+13-LTS)
# Java VM: OpenJDK 64-Bit Server VM Temurin-21.0.2+13 (21.0.2+13-LTS, mixed mode, emulated-client, sharing, tiered, compressed oops, compressed class ptrs, g1 gc, windows-amd64)
GC Precious Log:
 CardTable entry size: 512
 Card Set container configuration: InlinePtr #cards 4 size 8 Array Of Cards #cards 32 size 80 Howl #buckets 8 coarsen threshold 7372 Howl Bitmap #cards 1024 size 144 coarsen threshold 921 Card regions per heap region 1 cards per card region 8192
 CPUs: 16 total, 16 available
 Memory: 32159M
 Large Page Support: Disabled
 NUMA Support: Disabled
 Compressed Oops: Enabled (Zero based)
 Heap Region Size: 4M
 Heap Min Capacity: 8M
 Heap Initial Capacity: 504M
 Heap Max Capacity: 8040M
 Pre-touch: Disabled
 Parallel Workers: 13
 Concurrent Workers: 3
 Concurrent Refinement Workers: 13
 Periodic GC: Disabled
Heap:
 garbage-first heap   total 139264K, used 71508K [0x0000000609800000, 0x0000000800000000)
  region size 4096K, 4 young (16384K), 2 survivors (8192K)
 Metaspace       used 105316K, committed 106560K, reserved 1179648K
  class space    used 14087K, committed 14656K, reserved 1048576K
GC Heap History (20 events):
Event: 564.505 GC heap after
{Heap after GC invocations=66 (full 9):
 garbage-first heap   total 139264K, used 55026K [0x0000000609800000, 0x0000000800000000)
  region size 4096K, 3 young (12288K), 3 survivors (12288K)
 Metaspace       used 100749K, committed 102144K, reserved 1179648K
  class space    used 13700K, committed 14400K, reserved 1048576K
}
Event: 603.145 GC heap before
{Heap before GC invocations=66 (full 9):
 garbage-first heap   total 139264K, used 108274K [0x0000000609800000, 0x0000000800000000)
  region size 4096K, 16 young (65536K), 3 survivors (12288K)
 Metaspace       used 101526K, committed 102848K, reserved 1179648K
  class space    used 13774K, committed 14400K, reserved 1048576K
}
Event: 603.149 GC heap after
{Heap after GC invocations=67 (full 9):
 garbage-first heap   total 139264K, used 57389K [0x0000000609800000, 0x0000000800000000)
  region size 4096K, 2 young (8192K), 2 survivors (8192K)
 Metaspace       used 101526K, committed 102848K, reserved 1179648K
  class space    used 13774K, committed 14400K, reserved 1048576K
}
Event: 724.960 GC heap before
{Heap before GC invocations=67 (full 9):
 garbage-first heap   total 139264K, used 73773K [0x0000000609800000, 0x0000000800000000)
  region size 4096K, 7 young (28672K), 2 survivors (8192K)
 Metaspace       used 101531K, committed 102848K, reserved 1179648K
  class space    used 13775K, committed 14400K, reserved 1048576K
}
Event: 725.035 GC heap after
{Heap after GC invocations=68 (full 10):
 garbage-first heap   total 139264K, used 49619K [0x0000000609800000, 0x0000000800000000)
  region size 4096K, 0 young (0K), 0 survivors (0K)
 Metaspace       used 101221K, committed 102848K, reserved 1179648K
  class space    used 13703K, committed 14400K, reserved 1048576K
}
Event: 726.844 GC heap before
{Heap before GC invocations=68 (full 10):
 garbage-first heap   total 139264K, used 119251K [0x0000000609800000, 0x0000000800000000)
  region size 4096K, 17 young (69632K), 0 survivors (0K)
 Metaspace       used 101845K, committed 103104K, reserved 1179648K
  class space    used 13793K, committed 14400K, reserved 1048576K
}
Event: 726.846 GC heap after
{Heap after GC invocations=69 (full 10):
 garbage-first heap   total 139264K, used 55745K [0x0000000609800000, 0x0000000800000000)
  region size 4096K, 2 young (8192K), 2 survivors (8192K)
 Metaspace       used 101845K, committed 103104K, reserved 1179648K
  class space    used 13793K, committed 14400K, reserved 1048576K
}
Event: 727.180 GC heap before
{Heap before GC invocations=70 (full 10):
 garbage-first heap   total 139264K, used 113089K [0x0000000609800000, 0x0000000800000000)
  region size 4096K, 16 young (65536K), 2 survivors (8192K)
 Metaspace       used 102118K, committed 103488K, reserved 1179648K
  class space    used 13765K, committed 14400K, reserved 1048576K
}
Event: 727.182 GC heap after
{Heap after GC invocations=71 (full 10):
 garbage-first heap   total 139264K, used 58990K [0x0000000609800000, 0x0000000800000000)
  region size 4096K, 2 young (8192K), 2 survivors (8192K)
 Metaspace       used 102118K, committed 103488K, reserved 1179648K
  class space    used 13765K, committed 14400K, reserved 1048576K
}
Event: 729.462 GC heap before
{Heap before GC invocations=71 (full 10):
 garbage-first heap   total 139264K, used 108142K [0x0000000609800000, 0x0000000800000000)
  region size 4096K, 14 young (57344K), 2 survivors (8192K)
 Metaspace       used 103081K, committed 104256K, reserved 1179648K
  class space    used 13864K, committed 14400K, reserved 1048576K
}
Event: 729.465 GC heap after
{Heap after GC invocations=72 (full 10):
 garbage-first heap   total 139264K, used 62213K [0x0000000609800000, 0x0000000800000000)
  region size 4096K, 2 young (8192K), 2 survivors (8192K)
 Metaspace       used 103081K, committed 104256K, reserved 1179648K
  class space    used 13864K, committed 14400K, reserved 1048576K
}
Event: 730.936 GC heap before
{Heap before GC invocations=72 (full 10):
 garbage-first heap   total 139264K, used 66309K [0x0000000609800000, 0x0000000800000000)
  region size 4096K, 4 young (16384K), 2 survivors (8192K)
 Metaspace       used 103155K, committed 104320K, reserved 1179648K
  class space    used 13878K, committed 14400K, reserved 1048576K
}
Event: 731.021 GC heap after
{Heap after GC invocations=73 (full 11):
 garbage-first heap   total 139264K, used 51740K [0x0000000609800000, 0x0000000800000000)
  region size 4096K, 0 young (0K), 0 survivors (0K)
 Metaspace       used 103106K, committed 104320K, reserved 1179648K
  class space    used 13870K, committed 14400K, reserved 1048576K
}
Event: 731.502 GC heap before
{Heap before GC invocations=73 (full 11):
 garbage-first heap   total 139264K, used 117276K [0x0000000609800000, 0x0000000800000000)
  region size 4096K, 16 young (65536K), 0 survivors (0K)
 Metaspace       used 103695K, committed 104896K, reserved 1179648K
  class space    used 13934K, committed 14464K, reserved 1048576K
}
Event: 731.504 GC heap after
{Heap after GC invocations=74 (full 11):
 garbage-first heap   total 139264K, used 57124K [0x0000000609800000, 0x0000000800000000)
  region size 4096K, 2 young (8192K), 2 survivors (8192K)
 Metaspace       used 103695K, committed 104896K, reserved 1179648K
  class space    used 13934K, committed 14464K, reserved 1048576K
}
Event: 731.784 GC heap before
{Heap before GC invocations=75 (full 11):
 garbage-first heap   total 139264K, used 110372K [0x0000000609800000, 0x0000000800000000)
  region size 4096K, 15 young (61440K), 2 survivors (8192K)
 Metaspace       used 104311K, committed 105472K, reserved 1179648K
  class space    used 13994K, committed 14528K, reserved 1048576K
}
Event: 731.786 GC heap after
{Heap after GC invocations=76 (full 11):
 garbage-first heap   total 139264K, used 59955K [0x0000000609800000, 0x0000000800000000)
  region size 4096K, 1 young (4096K), 1 survivors (4096K)
 Metaspace       used 104311K, committed 105472K, reserved 1179648K
  class space    used 13994K, committed 14528K, reserved 1048576K
}
Event: 732.081 GC heap before
{Heap before GC invocations=76 (full 11):
 garbage-first heap   total 139264K, used 113203K [0x0000000609800000, 0x0000000800000000)
  region size 4096K, 14 young (57344K), 1 survivors (4096K)
 Metaspace       used 105308K, committed 106560K, reserved 1179648K
  class space    used 14086K, committed 14656K, reserved 1048576K
}
Event: 732.084 GC heap after
{Heap after GC invocations=77 (full 11):
 garbage-first heap   total 139264K, used 64263K [0x0000000609800000, 0x0000000800000000)
  region size 4096K, 2 young (8192K), 2 survivors (8192K)
 Metaspace       used 105308K, committed 106560K, reserved 1179648K
  class space    used 14086K, committed 14656K, reserved 1048576K
}
Event: 734.611 GC heap before
{Heap before GC invocations=77 (full 11):
 garbage-first heap   total 139264K, used 68359K [0x0000000609800000, 0x0000000800000000)
  region size 4096K, 4 young (16384K), 2 survivors (8192K)
 Metaspace       used 105316K, committed 106560K, reserved 1179648K
  class space    used 14087K, committed 14656K, reserved 1048576K
}

